{
  "0 debug pnpm:scope": {
    "selected": 1
  },
  "1 debug pnpm:package-manifest": {
    "initial": {
      "name": "z-promise.js",
      "version": "0.0.1",
      "description": "",
      "main": "index.js",
      "scripts": {
        "test": "echo \"Error: no test specified\" && exit 1"
      },
      "keywords": [
        "promise"
      ],
      "author": "zink",
      "license": "MIT"
    },
    "prefix": "/home/zink/work-space/promise"
  },
  "2 debug pnpm:context": {
    "currentLockfileExists": false,
    "storeDir": "/home/zink/.pnpm-store/v3",
    "virtualStoreDir": "/home/zink/work-space/promise/node_modules/.pnpm"
  },
  "3 debug pnpm:stage": {
    "prefix": "/home/zink/work-space/promise",
    "stage": "resolution_started"
  },
  "4 error pnpm": {
    "code": "ERR_PNPM_FETCH_404",
    "hint": "siono is not in the npm registry, or you have no permission to fetch it.\n\nAn authorization header was used: Bearer npm_[hidden]",
    "request": {
      "authHeaderValue": "Bearer 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",
      "url": "https://registry.npmjs.org/siono"
    },
    "response": {
      "size": 0
    },
    "pkgName": "siono",
    "pkgsStack": [],
    "err": {
      "name": "pnpm",
      "message": "GET https://registry.npmjs.org/siono: Not Found - 404",
      "code": "ERR_PNPM_FETCH_404",
      "stack": "pnpm: GET https://registry.npmjs.org/siono: Not Found - 404\n    at RetryOperation._fn (/home/zink/.npm-global/pnpm-global/5/node_modules/.pnpm/pnpm@6.32.2/node_modules/pnpm/dist/pnpm.cjs:85709:19)\n    at processTicksAndRejections (node:internal/process/task_queues:96:5)"
    }
  }
}